
                   @@@@@@                          @@@    @@@
                     @@                             @@     @ 
                     @@                             @@@    @ 
                     @@           @@@       @@@     @ @@   @ 
                     @@         @@   @@   @@   @@   @ @@   @ 
                     @@        @@     @@ @@     @@  @  @@  @ 
                     @@        @@     @@ @@     @@  @   @@ @ 
                     @@        @@     @@ @@     @@  @   @@ @ 
                     @@      @ @@     @@ @@     @@  @    @@@ 
                     @@     @   @@   @@   @@   @@   @     @@ 
                   @@@@@@@@@@     @@@       @@@    @@@    @@ 

                           Local optimization on Nets

             Alliance CAD System 5.0 20090901, loon 5.0 [2003/12/07]
             Copyright (c) 2000-2019,                 ASIM/LIP6/UPMC
             Author(s):                              François Donnet
             E-mail        :             alliance-users@asim.lip6.fr

	MBK_IN_LO	: vst
	MBK_OUT_LO	: vst
	MBK_TARGET_LIB	: /usr/lib64/alliance/cells/sxlib

Reading parameter file 'paramfile.lax'...
50% area - 50% delay optimization
Reading file 'sdetm_b.vst'...
Controlling file 'paramfile.lax'...
Reading lib '/usr/lib64/alliance/cells/sxlib'...
Capacitances on file 'sdetm_b.vst'...
Delays on file 'sdetm_b.vst'...2993 ps
Area on file 'sdetm_b.vst'...132750 lamda² (with over-cell routing)
Details...
	inv_x2: 15 (8%)
	o2_x2: 9 (8%)
	na2_x1: 9 (6%)
	no2_x1: 8 (6%)
	no3_x1: 8 (7%)
	nao22_x1: 5 (5%)
	noa22_x1: 4 (4%)
	sff1_x4: 4 (13%)
	a3_x2: 4 (4%)
	on12_x1: 4 (3%)
	a2_x2: 3 (2%)
	o4_x2: 3 (3%)
	oa2ao222_x2: 3 (5%)
	na3_x1: 3 (2%)
	na4_x1: 2 (2%)
	an12_x1: 2 (1%)
	oa22_x2: 2 (2%)
	no4_x1: 1 (1%)
	o3_x2: 1 (1%)
	oa2a2a23_x2: 1 (2%)
	oa2a22_x2: 1 (1%)
	ao22_x2: 1 (1%)
	mx2_x2: 1 (1%)
	Total: 94
Worst RC on file 'sdetm_b.vst'...303 ps
Inserting buffers on critical path for file 'sdetm_b_l.vst'...1 buffer inserted -> 2973 ps
Improving RC on critical path for file 'sdetm_b_l.vst'...2966 ps
Improving all RC for file 'sdetm_b_l.vst'...
Worst RC on file 'sdetm_b_l.vst'...303 ps
Area on file 'sdetm_b_l.vst'...134750 lamda² (with over-cell routing)
Details...
	inv_x2: 14 (7%)
	o2_x2: 9 (8%)
	na2_x1: 9 (6%)
	no2_x1: 8 (5%)
	no3_x1: 8 (7%)
	nao22_x1: 5 (5%)
	noa22_x1: 4 (4%)
	sff1_x4: 4 (13%)
	a3_x2: 4 (4%)
	on12_x1: 4 (3%)
	a2_x2: 3 (2%)
	o4_x2: 3 (3%)
	oa2ao222_x2: 3 (5%)
	na3_x1: 3 (2%)
	na4_x1: 2 (2%)
	an12_x1: 2 (1%)
	oa22_x2: 2 (2%)
	buf_x2: 1 (0%)
	no4_x1: 1 (1%)
	o3_x2: 1 (1%)
	oa2a2a23_x2: 1 (2%)
	oa2a22_x2: 1 (1%)
	ao22_x2: 1 (1%)
	inv_x8: 1 (1%)
	mx2_x2: 1 (1%)
	Total: 95
Critical path (no warranty)...2966 ps from 'doorpass_cs 0' to 'doorpass_cs_0_ins'
Saving file 'sdetm_b_l.vst'...
Saving delay gradient in xsch color file 'sdetm_b_l.xsc'...
End of loon...

