
                  @@@@@@@                             @@@@ @  
                    @@   @@                         @@    @@  
                    @@    @@                       @@      @  
                    @@    @@     @@@       @@@    @@          
                    @@   @@    @@   @@   @@   @@  @@          
                    @@@@@@    @@     @@ @@     @@ @@     @@@@@
                    @@    @@  @@     @@ @@     @@ @@     @ @@ 
                    @@     @@ @@     @@ @@     @@ @@    @  @@ 
                    @@     @@ @@     @@ @@     @@  @@      @@ 
                    @@    @@   @@   @@   @@   @@    @@    @@  
                  @@@@@@@@       @@@       @@@        @@@@    

                         Binding and Optimizing On Gates

             Alliance CAD System 5.0 20090901, boog 5.0 [2003/01/09]
             Copyright (c) 2000-2019,                 ASIM/LIP6/UPMC
             Author(s):                              François Donnet
             E-mail        :             alliance-users@asim.lip6.fr

        MBK_VDD        : vdd
        MBK_VSS        : vss
        MBK_IN_LO      : vst
        MBK_OUT_LO     : vst
        MBK_WORK_LIB   : .
        MBK_TARGET_LIB : /usr/lib64/alliance/cells/sxlib

Reading parameter file 'paramfile.lax'...
50% area - 50% delay optimization
Reading file 'sdetm_b.vbe'...
Controlling file 'paramfile.lax'...
Controlling file 'sdetm_b.vbe'...
Reading lib '/usr/lib64/alliance/cells/sxlib'...
Controlling lib '/usr/lib64/alliance/cells/sxlib'...
Preparing file 'sdetm_b.vbe'...
Capacitances on file 'sdetm_b.vbe'...
Unflattening file 'sdetm_b.vbe'...
Mapping file 'sdetm_b.vbe'...
Saving file 'sdetm_b.vst'...
Adding signal 'not_doorpass_cs 2'
Quick estimated critical path (no warranty)...2949 ps from 'doorpass_cs 0' to 'alarm'
Quick estimated area (with over-cell routing)...132750 lambda²
Details...
	inv_x2: 15
	o2_x2: 9
	na2_x1: 9
	no2_x1: 8
	no3_x1: 8
	nao22_x1: 5
	noa22_x1: 4
	sff1_x4: 4
	a3_x2: 4
	on12_x1: 4
	a2_x2: 3
	o4_x2: 3
	oa2ao222_x2: 3
	na3_x1: 3
	na4_x1: 2
	an12_x1: 2
	oa22_x2: 2
	no4_x1: 1
	o3_x2: 1
	oa2a2a23_x2: 1
	oa2a22_x2: 1
	ao22_x2: 1
	mx2_x2: 1
	Total: 94
Saving delay gradient in xsch color file 'sdetm_b.xsc'...
End of boog...

