
                   @@@@@@                          @@@    @@@
                     @@                             @@     @ 
                     @@                             @@@    @ 
                     @@           @@@       @@@     @ @@   @ 
                     @@         @@   @@   @@   @@   @ @@   @ 
                     @@        @@     @@ @@     @@  @  @@  @ 
                     @@        @@     @@ @@     @@  @   @@ @ 
                     @@        @@     @@ @@     @@  @   @@ @ 
                     @@      @ @@     @@ @@     @@  @    @@@ 
                     @@     @   @@   @@   @@   @@   @     @@ 
                   @@@@@@@@@@     @@@       @@@    @@@    @@ 

                           Local optimization on Nets

             Alliance CAD System 5.0 20090901, loon 5.0 [2003/12/07]
             Copyright (c) 2000-2019,                 ASIM/LIP6/UPMC
             Author(s):                              François Donnet
             E-mail        :             alliance-users@asim.lip6.fr

	MBK_IN_LO	: vst
	MBK_OUT_LO	: vst
	MBK_TARGET_LIB	: /usr/lib64/alliance/cells/sxlib

Reading parameter file 'paramfile.lax'...
50% area - 50% delay optimization
Reading file 'sdeto_b.vst'...
Controlling file 'paramfile.lax'...
Reading lib '/usr/lib64/alliance/cells/sxlib'...
Capacitances on file 'sdeto_b.vst'...
Delays on file 'sdeto_b.vst'...3080 ps
Area on file 'sdeto_b.vst'...142000 lamda² (with over-cell routing)
Details...
	inv_x2: 22 (11%)
	sff1_x4: 12 (38%)
	o2_x2: 8 (7%)
	no2_x1: 7 (4%)
	no3_x1: 7 (6%)
	na2_x1: 6 (4%)
	na3_x1: 5 (4%)
	a2_x2: 5 (4%)
	a4_x2: 3 (3%)
	oa22_x2: 3 (3%)
	nao22_x1: 2 (2%)
	o4_x2: 2 (2%)
	buf_x2: 1 (0%)
	ao22_x2: 1 (1%)
	a3_x2: 1 (1%)
	no4_x1: 1 (1%)
	noa22_x1: 1 (1%)
	an12_x1: 1 (0%)
	na4_x1: 1 (1%)
	on12_x1: 1 (0%)
	Total: 90
Worst RC on file 'sdeto_b.vst'...342 ps
Inserting buffers on critical path for file 'sdeto_b_l.vst'...5 buffers inserted -> 3026 ps
Improving RC on critical path for file 'sdeto_b_l.vst'...2873 ps
Improving all RC for file 'sdeto_b_l.vst'...
Worst RC on file 'sdeto_b_l.vst'...342 ps
Area on file 'sdeto_b_l.vst'...148000 lamda² (with over-cell routing)
Details...
	inv_x2: 22 (11%)
	sff1_x4: 12 (36%)
	o2_x2: 8 (6%)
	no2_x1: 7 (4%)
	no3_x1: 7 (5%)
	na2_x1: 6 (4%)
	buf_x2: 5 (3%)
	na3_x1: 5 (4%)
	a2_x2: 5 (4%)
	a4_x2: 3 (3%)
	oa22_x2: 3 (3%)
	nao22_x1: 2 (2%)
	o4_x2: 2 (2%)
	buf_x8: 1 (1%)
	ao22_x2: 1 (1%)
	a3_x2: 1 (1%)
	no4_x1: 1 (1%)
	noa22_x1: 1 (1%)
	an12_x1: 1 (0%)
	na4_x1: 1 (1%)
	on12_x1: 1 (0%)
	Total: 95
Critical path (no warranty)...2873 ps from 'code 0' to 'doorpass_cs_5_ins'
Saving file 'sdeto_b_l.vst'...
Adding signal 'mbk_buf_not_code 1'
Saving delay gradient in xsch color file 'sdeto_b_l.xsc'...
End of loon...

