
                   @@@@@@                          @@@    @@@
                     @@                             @@     @ 
                     @@                             @@@    @ 
                     @@           @@@       @@@     @ @@   @ 
                     @@         @@   @@   @@   @@   @ @@   @ 
                     @@        @@     @@ @@     @@  @  @@  @ 
                     @@        @@     @@ @@     @@  @   @@ @ 
                     @@        @@     @@ @@     @@  @   @@ @ 
                     @@      @ @@     @@ @@     @@  @    @@@ 
                     @@     @   @@   @@   @@   @@   @     @@ 
                   @@@@@@@@@@     @@@       @@@    @@@    @@ 

                           Local optimization on Nets

             Alliance CAD System 5.0 20090901, loon 5.0 [2003/12/07]
             Copyright (c) 2000-2019,                 ASIM/LIP6/UPMC
             Author(s):                              François Donnet
             E-mail        :             alliance-users@asim.lip6.fr

	MBK_IN_LO	: vst
	MBK_OUT_LO	: vst
	MBK_TARGET_LIB	: /usr/lib64/alliance/cells/sxlib

Reading parameter file 'paramfile.lax'...
50% area - 50% delay optimization
Reading file 'sdetr_b.vst'...
Controlling file 'paramfile.lax'...
Reading lib '/usr/lib64/alliance/cells/sxlib'...
Capacitances on file 'sdetr_b.vst'...
Delays on file 'sdetr_b.vst'...3735 ps
Area on file 'sdetr_b.vst'...155500 lamda² (with over-cell routing)
Details...
	inv_x2: 17 (8%)
	no3_x1: 12 (9%)
	no2_x1: 12 (7%)
	nao22_x1: 9 (8%)
	o2_x2: 8 (6%)
	noa22_x1: 6 (5%)
	na2_x1: 6 (3%)
	oa22_x2: 5 (4%)
	na3_x1: 5 (4%)
	a2_x2: 5 (4%)
	o3_x2: 5 (4%)
	on12_x1: 4 (3%)
	sff1_x4: 4 (11%)
	oa2ao222_x2: 3 (4%)
	a3_x2: 3 (2%)
	ao22_x2: 2 (1%)
	a4_x2: 2 (2%)
	no4_x1: 2 (1%)
	o4_x2: 1 (1%)
	an12_x1: 1 (0%)
	xr2_x1: 1 (1%)
	Total: 113
Worst RC on file 'sdetr_b.vst'...256 ps
Inserting buffers on critical path for file 'sdetr_b_l.vst'...4 buffers inserted -> 3653 ps
Improving RC on critical path for file 'sdetr_b_l.vst'...3629 ps
Improving all RC for file 'sdetr_b_l.vst'...
Worst RC on file 'sdetr_b_l.vst'...256 ps
Area on file 'sdetr_b_l.vst'...159750 lamda² (with over-cell routing)
Details...
	inv_x2: 16 (7%)
	no3_x1: 12 (9%)
	no2_x1: 12 (7%)
	nao22_x1: 9 (8%)
	o2_x2: 8 (6%)
	noa22_x1: 6 (5%)
	na2_x1: 6 (3%)
	oa22_x2: 5 (4%)
	na3_x1: 5 (3%)
	a2_x2: 5 (3%)
	o3_x2: 5 (4%)
	buf_x2: 4 (2%)
	on12_x1: 4 (3%)
	sff1_x4: 4 (11%)
	oa2ao222_x2: 3 (4%)
	a3_x2: 3 (2%)
	ao22_x2: 2 (1%)
	a4_x2: 2 (2%)
	no4_x1: 2 (1%)
	o4_x2: 1 (1%)
	an12_x1: 1 (0%)
	inv_x4: 1 (0%)
	xr2_x1: 1 (1%)
	Total: 117
Critical path (no warranty)...3629 ps from 'doorpass_cs 0' to 'doorpass_cs_1_ins'
Saving file 'sdetr_b_l.vst'...
Saving delay gradient in xsch color file 'sdetr_b_l.xsc'...
End of loon...

